
Copyright (C) 1994-2019 Synopsys, Inc.
This Synopsys software and all associated documentation are proprietary to Synopsys, Inc.
and may only be used pursuant to the terms and conditions of a written license agreement
with Synopsys, Inc. All other use, reproduction, modification, or distribution of the
Synopsys software or the associated documentation is strictly prohibited.
Tool: Synplify Pro (R)
Build: P-2019.03M-SP1-1
Install: C:\Microsemi\Libero_SoC_v12.4\SynplifyPro
OS: Windows 6.2

Hostname: DESKTOP-R8J42A9

Implementation : synthesis

# Written on Tue Jun  2 14:58:51 2020

##### DESIGN INFO #######################################################

Top View:                "demo_sb"
Constraint File(s):      "D:\SmartFusion2-Projects-Windows\demo-proj\demo\designer\demo_sb\synthesis.fdc"




##### SUMMARY ############################################################

Found 0 issues in 0 out of 0 constraints


##### DETAILS ############################################################



Clock Relationships
*******************

Starting                                                      Ending                                                        |     rise to rise     |     fall to fall     |     rise to fall     |     fall to rise                     
---------------------------------------------------------------------------------------------------------------------------------------------------------------------------------------------------------------------------------------
demo_sb_sb_CCC_0_FCCC|GL0_net_inferred_clock                  demo_sb_sb_CCC_0_FCCC|GL0_net_inferred_clock                  |     10.000           |     No paths         |     No paths         |     No paths                         
demo_sb_sb_CCC_0_FCCC|GL0_net_inferred_clock                  demo_sb_sb_FABOSC_0_OSC|RCOSC_25_50MHZ_CCC_inferred_clock     |     Diff grp         |     No paths         |     No paths         |     No paths                         
demo_sb_sb_FABOSC_0_OSC|RCOSC_25_50MHZ_CCC_inferred_clock     demo_sb_sb_CCC_0_FCCC|GL0_net_inferred_clock                  |     Diff grp         |     No paths         |     No paths         |     No paths                         
demo_sb_sb_FABOSC_0_OSC|RCOSC_25_50MHZ_CCC_inferred_clock     demo_sb_sb_FABOSC_0_OSC|RCOSC_25_50MHZ_CCC_inferred_clock     |     10.000           |     No paths         |     No paths         |     No paths                         
=======================================================================================================================================================================================================================================
 Note: 'No paths' indicates there are no paths in the design for that pair of clock edges.
       'Diff grp' indicates that paths exist but the starting clock and ending clock are in different clock groups.


Unconstrained Start/End Points
******************************

p:DEVRST_N
p:GPIO_2_M2F
p:GPIO_3_M2F
p:GPIO_4_M2F
p:GPIO_8_M2F
p:GPIO_9_F2M
p:I2C_0_SCL (bidir end point)
p:I2C_0_SCL (bidir start point)
p:I2C_0_SDA (bidir end point)
p:I2C_0_SDA (bidir start point)
p:MMUART_0_RXD_F2M
p:MMUART_0_TXD_M2F
p:SPI_0_CLK (bidir end point)
p:SPI_0_CLK (bidir start point)
p:SPI_0_DI
p:SPI_0_DO
p:SPI_0_SS0 (bidir end point)
p:SPI_0_SS0 (bidir start point)


Inapplicable constraints
************************

(none)


Applicable constraints with issues
**********************************

(none)


Constraints with matching wildcard expressions
**********************************************

(none)


Library Report
**************


# End of Constraint Checker Report
