
Starting:    C:\Microsemi\Libero_SoC_v12.4\SynplifyPro\bin64\mbin\synbatch.exe
Install:     C:\Microsemi\Libero_SoC_v12.4\SynplifyPro
Hostname:    DESKTOP-R8J42A9
Date:        Tue Jun  2 14:58:44 2020
Version:     P-2019.03M-SP1-1

Arguments:   -product synplify_pro -licensetype synplifypro_actel -batch -log synplify.log demo_sb_syn.tcl
ProductType: synplify_pro

License checkout: synplifypro_actel
License: synplifypro_actel node-locked 
Licensed Vendor: actel
License Option: actel_oem

Running in Vendor Mode

auto_infer_blackbox is not supported in current product.
log file: "D:\SmartFusion2-Projects-Windows\demo-proj\demo\synthesis\demo_sb.srr"
Running: synthesis in foreground

Running demo_sb_syn|synthesis

Running Flow: compile (Compile) on demo_sb_syn|synthesis
# Tue Jun  2 14:58:45 2020

Running Flow: compile_flow (Compile Process) on demo_sb_syn|synthesis
# Tue Jun  2 14:58:45 2020

Running: compiler (Compile Input) on demo_sb_syn|synthesis
# Tue Jun  2 14:58:45 2020
Copied D:\SmartFusion2-Projects-Windows\demo-proj\demo\synthesis\synwork\demo_sb_comp.srs to D:\SmartFusion2-Projects-Windows\demo-proj\demo\synthesis\demo_sb.srs

compiler completed
# Tue Jun  2 14:58:49 2020

Return Code: 0
Run Time:00h:00m:04s

Running: multi_srs_gen (Multi-srs Generator) on demo_sb_syn|synthesis
# Tue Jun  2 14:58:49 2020

multi_srs_gen completed
# Tue Jun  2 14:58:50 2020

Return Code: 0
Run Time:00h:00m:01s
Copied D:\SmartFusion2-Projects-Windows\demo-proj\demo\synthesis\synwork\demo_sb_mult.srs to D:\SmartFusion2-Projects-Windows\demo-proj\demo\synthesis\demo_sb.srs
Complete: Compile Process on demo_sb_syn|synthesis

Running: premap (Premap) on demo_sb_syn|synthesis
# Tue Jun  2 14:58:50 2020

premap completed with warnings
# Tue Jun  2 14:58:51 2020

Return Code: 1
Run Time:00h:00m:01s
Complete: Compile on demo_sb_syn|synthesis

Running Flow: map (Map) on demo_sb_syn|synthesis
# Tue Jun  2 14:58:51 2020
License granted for 4 parallel jobs

Running: fpga_mapper (Map & Optimize) on demo_sb_syn|synthesis
# Tue Jun  2 14:58:51 2020
Copied D:\SmartFusion2-Projects-Windows\demo-proj\demo\synthesis\synwork\demo_sb_m.srm to D:\SmartFusion2-Projects-Windows\demo-proj\demo\synthesis\demo_sb.srm

fpga_mapper completed with warnings
# Tue Jun  2 14:58:54 2020

Return Code: 1
Run Time:00h:00m:03s
Complete: Map on demo_sb_syn|synthesis
Complete: Logic Synthesis on demo_sb_syn|synthesis
TCL script complete: "demo_sb_syn.tcl"
exit status=0
exit status=0
License checkin: synplifypro_actel
