Resource Usage Report for demo_sb 

Mapping to part: m2s025vf400std
Cell usage:
CCC             1 use
CLKINT          1 use
MSS_025         1 use
RCOSC_25_50MHZ  1 use
SYSRESET        1 use


Sequential Cells: 
SLE            3 uses

DSP Blocks:    0 of 34 (0%)

I/O ports: 14
I/O primitives: 13
BIBUF          4 uses
INBUF          3 uses
OUTBUF         5 uses
TRIBUFF        1 use


Global Clock Buffers: 1

Total LUTs:    0

Extra resources required for RAM and MACC interface logic during P&R:

RAM64x18 Interface Logic : SLEs = 0; LUTs = 0;
RAM1K18  Interface Logic : SLEs = 0; LUTs = 0;
MACC     Interface Logic : SLEs = 0; LUTs = 0;

Total number of SLEs after P&R:  3 + 0 + 0 + 0 = 3;
Total number of LUTs after P&R:  0 + 0 + 0 + 0 = 0;

